This is pdfTeX, Version 3.141592653-2.6-1.40.24 (MiKTeX 22.12) (preloaded format=pdflatex 2023.1.22)  30 JAN 2023 21:04
entering extended mode
 restricted \write18 enabled.
 %&-line parsing enabled.
**"./CV IME-USP.tex"
(CV IME-USP.tex
LaTeX2e <2022-11-01> patch level 1
L3 programming layer <2023-01-16>
(C:\Users\aboar\AppData\Local\Programs\MiKTeX\tex/latex/moderncv\moderncv.cls
Document Class: moderncv 2022-02-21 v2.3.1 modern curriculum vitae and letter d
ocument class
(C:\Users\aboar\AppData\Local\Programs\MiKTeX\tex/latex/base\size12.clo
File: size12.clo 2022/07/02 v1.4n Standard LaTeX file (size option)
)
(C:\Users\aboar\AppData\Local\Programs\MiKTeX\tex/latex/etoolbox\etoolbox.sty
Package: etoolbox 2020/10/05 v2.5k e-TeX tools for LaTeX (JAW)
\etb@tempcnta=\count185
)
(C:\Users\aboar\AppData\Local\Programs\MiKTeX\tex/latex/base\ifthen.sty
Package: ifthen 2022/04/13 v1.1d Standard LaTeX ifthen package (DPC)
)
(C:\Users\aboar\AppData\Local\Programs\MiKTeX\tex/latex/xcolor\xcolor.sty
Package: xcolor 2022/06/12 v2.14 LaTeX color extensions (UK)

(C:\Users\aboar\AppData\Local\Programs\MiKTeX\tex/latex/graphics-cfg\color.cfg
File: color.cfg 2016/01/02 v1.6 sample color configuration
)
Package xcolor Info: Driver file: pdftex.def on input line 227.

(C:\Users\aboar\AppData\Local\Programs\MiKTeX\tex/latex/graphics-def\pdftex.def
File: pdftex.def 2022/09/22 v1.2b Graphics/color driver for pdftex
) (C:\Users\aboar\AppData\Roaming\MiKTeX\tex/latex/colortbl\colortbl.sty
Package: colortbl 2020/01/04 v1.0e Color table columns (DPC)

(C:\Users\aboar\AppData\Local\Programs\MiKTeX\tex/latex/tools\array.sty
Package: array 2022/03/10 v2.5f Tabular extension package (FMi)
\col@sep=\dimen140
\ar@mcellbox=\box51
\extrarowheight=\dimen141
\NC@list=\toks16
\extratabsurround=\skip48
\backup@length=\skip49
\ar@cellbox=\box52
)
\everycr=\toks17
\minrowclearance=\skip50
)
(C:\Users\aboar\AppData\Local\Programs\MiKTeX\tex/latex/graphics\mathcolor.ltx)
\rownum=\count186
Package xcolor Info: Model `cmy' substituted by `cmy0' on input line 1353.
Package xcolor Info: Model `hsb' substituted by `rgb' on input line 1357.
Package xcolor Info: Model `RGB' extended on input line 1369.
Package xcolor Info: Model `HTML' substituted by `rgb' on input line 1371.
Package xcolor Info: Model `Hsb' substituted by `hsb' on input line 1372.
Package xcolor Info: Model `tHsb' substituted by `hsb' on input line 1373.
Package xcolor Info: Model `HSB' substituted by `hsb' on input line 1374.
Package xcolor Info: Model `Gray' substituted by `gray' on input line 1375.
Package xcolor Info: Model `wave' substituted by `hsb' on input line 1376.
) (C:\Users\aboar\AppData\Local\Programs\MiKTeX\tex/generic/iftex\iftex.sty
Package: iftex 2022/02/03 v1.0f TeX engine tests
)
(C:\Users\aboar\AppData\Local\Programs\MiKTeX\tex/latex/url\url.sty
\Urlmuskip=\muskip16
Package: url 2013/09/16  ver 3.4  Verb mode for urls, etc.
)
(C:\Users\aboar\AppData\Local\Programs\MiKTeX\tex/latex/graphics\graphicx.sty
Package: graphicx 2021/09/16 v1.2d Enhanced LaTeX Graphics (DPC,SPQR)

(C:\Users\aboar\AppData\Local\Programs\MiKTeX\tex/latex/graphics\keyval.sty
Package: keyval 2022/05/29 v1.15 key=value parser (DPC)
\KV@toks@=\toks18
)
(C:\Users\aboar\AppData\Local\Programs\MiKTeX\tex/latex/graphics\graphics.sty
Package: graphics 2022/03/10 v1.4e Standard LaTeX Graphics (DPC,SPQR)

(C:\Users\aboar\AppData\Local\Programs\MiKTeX\tex/latex/graphics\trig.sty
Package: trig 2021/08/11 v1.11 sin cos tan (DPC)
)
(C:\Users\aboar\AppData\Local\Programs\MiKTeX\tex/latex/graphics-cfg\graphics.c
fg
File: graphics.cfg 2016/06/04 v1.11 sample graphics configuration
)
Package graphics Info: Driver file: pdftex.def on input line 107.
)
\Gin@req@height=\dimen142
\Gin@req@width=\dimen143
) (C:\Users\aboar\AppData\Roaming\MiKTeX\tex/latex/fancyhdr\fancyhdr.sty
Package: fancyhdr 2021/01/28 v4.0.1 Extensive control of page headers and foote
rs
\f@nch@headwidth=\skip51
\f@nch@O@elh=\skip52
\f@nch@O@erh=\skip53
\f@nch@O@olh=\skip54
\f@nch@O@orh=\skip55
\f@nch@O@elf=\skip56
\f@nch@O@erf=\skip57
\f@nch@O@olf=\skip58
\f@nch@O@orf=\skip59
)
(C:\Users\aboar\AppData\Local\Programs\MiKTeX\tex/latex/moderncv\tweaklist.sty)
(C:\Users\aboar\AppData\Local\Programs\MiKTeX\tex/latex/tools\calc.sty
Package: calc 2017/05/25 v4.3 Infix arithmetic (KKT,FJ)
\calc@Acount=\count187
\calc@Bcount=\count188
\calc@Adimen=\dimen144
\calc@Bdimen=\dimen145
\calc@Askip=\skip60
\calc@Bskip=\skip61
LaTeX Info: Redefining \setlength on input line 80.
LaTeX Info: Redefining \addtolength on input line 81.
\calc@Ccount=\count189
\calc@Cskip=\skip62
)
(C:\Users\aboar\AppData\Local\Programs\MiKTeX\tex/latex/l3packages/xparse\xpars
e.sty
(C:\Users\aboar\AppData\Local\Programs\MiKTeX\tex/latex/l3kernel\expl3.sty
Package: expl3 2023-01-16 L3 programming layer (loader) 

(C:\Users\aboar\AppData\Local\Programs\MiKTeX\tex/latex/l3backend\l3backend-pdf
tex.def
File: l3backend-pdftex.def 2023-01-16 L3 backend support: PDF output (pdfTeX)
\l__color_backend_stack_int=\count190
\l__pdf_internal_box=\box53
))
Package: xparse 2023-01-16 L3 Experimental document command parser
)
(C:\Users\aboar\AppData\Roaming\MiKTeX\tex/latex/microtype\microtype.sty
Package: microtype 2021/03/14 v2.8c Micro-typographical refinements (RS)
\MT@toks=\toks19
\MT@count=\count191


LaTeX hooks Warning: Generic hook 'package/after/fontspec' is deprecated.
(hooks)              Use hook 'package/fontspec/after' instead.

LaTeX Info: Redefining \textls on input line 790.
\MT@outer@kern=\dimen146
LaTeX Info: Redefining \textmicrotypecontext on input line 1374.
\MT@listname@count=\count192

(C:\Users\aboar\AppData\Roaming\MiKTeX\tex/latex/microtype\microtype-pdftex.def
File: microtype-pdftex.def 2021/03/14 v2.8c Definitions specific to pdftex (RS)

LaTeX Info: Redefining \lsstyle on input line 915.
LaTeX Info: Redefining \lslig on input line 915.
\MT@outer@space=\skip63
)
Package microtype Info: Loading configuration file microtype.cfg.
 (C:\Users\aboar\AppData\Roaming\MiKTeX\tex/latex/microtype\microtype.cfg
File: microtype.cfg 2021/03/14 v2.8c microtype main configuration file (RS)
))
(C:\Users\aboar\AppData\Local\Programs\MiKTeX\tex/latex/moderncv\moderncvcollec
tion.sty
Package: moderncvcollection 2022-02-21 v2.3.1 moderncv collections
\c@collection@iterator=\count193
)
(C:\Users\aboar\AppData\Local\Programs\MiKTeX\tex/latex/moderncv\moderncvcompat
ibility.sty
Package: moderncvcompatibility 2022-02-21 v2.3.1 modern curriculum vitae and le
tter compatibility patches
)
\c@collection@phones@count=\count194
\c@collection@socials@count=\count195
\c@cvcolumnscounter=\count196
\c@cvcolumnsautowidthcounter=\count197
\c@tmpiteratorcounter=\count198
\cvcolumnsdummywidth=\skip64
\cvcolumnswidth=\skip65
\cvcolumnsautowidth=\skip66
\cvcolumnautowidth=\skip67
\bibindent=\skip68
)
(C:\Users\aboar\AppData\Local\Programs\MiKTeX\tex/latex/moderncv\moderncvstyleb
anking.sty
Package: moderncvstylebanking 2022-02-21 v2.3.1 modern curriculum vitae and let
ter style scheme: banking

(C:\Users\aboar\AppData\Local\Programs\MiKTeX\tex/latex/tex-gyre\tgpagella.sty
Package: tgpagella 2009/09/27 v1.2 TeX Gyre Pagella as default roman family

(C:\Users\aboar\AppData\Roaming\MiKTeX\tex/latex/kvoptions\kvoptions.sty
Package: kvoptions 2020-10-07 v3.14 Key value format for package options (HO)

(C:\Users\aboar\AppData\Roaming\MiKTeX\tex/generic/ltxcmds\ltxcmds.sty
Package: ltxcmds 2020-05-10 v1.25 LaTeX kernel commands for general use (HO)
)
(C:\Users\aboar\AppData\Local\Programs\MiKTeX\tex/latex/kvsetkeys\kvsetkeys.sty
Package: kvsetkeys 2022-10-05 v1.19 Key value parser (HO)
)))
(C:\Users\aboar\AppData\Local\Programs\MiKTeX\tex/latex/moderncv\moderncviconss
ymbols.sty
Package: moderncviconssymbols 2021-12-12 v2.2.0 modern curriculum vitae icons s
elector


Class moderncv Warning: "academicons requires xetex/luatex to work. Using alter
natives.".


(C:\Users\aboar\AppData\Local\Programs\MiKTeX\tex/latex/moderncv\moderncviconsa
wesome.sty
Package: moderncviconsawesome 2022-02-21 v2.3.1 modern curriculum vitae icons: 
awesome

(C:\Users\aboar\AppData\Local\Programs\MiKTeX\tex/latex/fontawesome5\fontawesom
e5.sty
Package: fontawesome5 2022/05/02 v5.15.4 Font Awesome 5

(C:\Users\aboar\AppData\Local\Programs\MiKTeX\tex/latex/l3packages/l3keys2e\l3k
eys2e.sty
Package: l3keys2e 2023-01-16 LaTeX2e option processing using LaTeX3 keys
)
(C:\Users\aboar\AppData\Local\Programs\MiKTeX\tex/latex/fontawesome5\fontawesom
e5-generic-helper.sty
Package: fontawesome5-generic-helper 2022/05/02 v5.15.4 non-uTeX helper for fon
tawesome5

(C:\Users\aboar\AppData\Local\Programs\MiKTeX\tex/latex/fontawesome5\fontawesom
e5-mapping.def))))
(C:\Users\aboar\AppData\Local\Programs\MiKTeX\tex/latex/moderncv\moderncviconst
ikz.sty
Package: moderncviconstikz 2022-02-21 v2.3.1 modern curriculum vitae and letter
 icons: tickz

(C:\Users\aboar\AppData\Local\Programs\MiKTeX\tex/latex/pgf/frontendlayer\tikz.
sty
(C:\Users\aboar\AppData\Local\Programs\MiKTeX\tex/latex/pgf/basiclayer\pgf.sty
(C:\Users\aboar\AppData\Local\Programs\MiKTeX\tex/latex/pgf/utilities\pgfrcs.st
y
(C:\Users\aboar\AppData\Local\Programs\MiKTeX\tex/generic/pgf/utilities\pgfutil
-common.tex
\pgfutil@everybye=\toks20
\pgfutil@tempdima=\dimen147
\pgfutil@tempdimb=\dimen148
)
(C:\Users\aboar\AppData\Local\Programs\MiKTeX\tex/generic/pgf/utilities\pgfutil
-latex.def
\pgfutil@abb=\box54
)
(C:\Users\aboar\AppData\Local\Programs\MiKTeX\tex/generic/pgf/utilities\pgfrcs.
code.tex
(C:\Users\aboar\AppData\Local\Programs\MiKTeX\tex/generic/pgf\pgf.revision.tex)
Package: pgfrcs 2023-01-15 v3.1.10 (3.1.10)
))
Package: pgf 2023-01-15 v3.1.10 (3.1.10)

(C:\Users\aboar\AppData\Local\Programs\MiKTeX\tex/latex/pgf/basiclayer\pgfcore.
sty
(C:\Users\aboar\AppData\Local\Programs\MiKTeX\tex/latex/pgf/systemlayer\pgfsys.
sty
(C:\Users\aboar\AppData\Local\Programs\MiKTeX\tex/generic/pgf/systemlayer\pgfsy
s.code.tex
Package: pgfsys 2023-01-15 v3.1.10 (3.1.10)

(C:\Users\aboar\AppData\Local\Programs\MiKTeX\tex/generic/pgf/utilities\pgfkeys
.code.tex
\pgfkeys@pathtoks=\toks21
\pgfkeys@temptoks=\toks22

(C:\Users\aboar\AppData\Local\Programs\MiKTeX\tex/generic/pgf/utilities\pgfkeys
libraryfiltered.code.tex
\pgfkeys@tmptoks=\toks23
))
\pgf@x=\dimen149
\pgf@y=\dimen150
\pgf@xa=\dimen151
\pgf@ya=\dimen152
\pgf@xb=\dimen153
\pgf@yb=\dimen154
\pgf@xc=\dimen155
\pgf@yc=\dimen156
\pgf@xd=\dimen157
\pgf@yd=\dimen158
\w@pgf@writea=\write3
\r@pgf@reada=\read2
\c@pgf@counta=\count199
\c@pgf@countb=\count266
\c@pgf@countc=\count267
\c@pgf@countd=\count268
\t@pgf@toka=\toks24
\t@pgf@tokb=\toks25
\t@pgf@tokc=\toks26
\pgf@sys@id@count=\count269

(C:\Users\aboar\AppData\Local\Programs\MiKTeX\tex/generic/pgf/systemlayer\pgf.c
fg
File: pgf.cfg 2023-01-15 v3.1.10 (3.1.10)
)
Driver file for pgf: pgfsys-pdftex.def

(C:\Users\aboar\AppData\Local\Programs\MiKTeX\tex/generic/pgf/systemlayer\pgfsy
s-pdftex.def
File: pgfsys-pdftex.def 2023-01-15 v3.1.10 (3.1.10)

(C:\Users\aboar\AppData\Local\Programs\MiKTeX\tex/generic/pgf/systemlayer\pgfsy
s-common-pdf.def
File: pgfsys-common-pdf.def 2023-01-15 v3.1.10 (3.1.10)
)))
(C:\Users\aboar\AppData\Local\Programs\MiKTeX\tex/generic/pgf/systemlayer\pgfsy
ssoftpath.code.tex
File: pgfsyssoftpath.code.tex 2023-01-15 v3.1.10 (3.1.10)
\pgfsyssoftpath@smallbuffer@items=\count270
\pgfsyssoftpath@bigbuffer@items=\count271
)
(C:\Users\aboar\AppData\Local\Programs\MiKTeX\tex/generic/pgf/systemlayer\pgfsy
sprotocol.code.tex
File: pgfsysprotocol.code.tex 2023-01-15 v3.1.10 (3.1.10)
))
(C:\Users\aboar\AppData\Local\Programs\MiKTeX\tex/generic/pgf/basiclayer\pgfcor
e.code.tex
Package: pgfcore 2023-01-15 v3.1.10 (3.1.10)

(C:\Users\aboar\AppData\Local\Programs\MiKTeX\tex/generic/pgf/math\pgfmath.code
.tex
(C:\Users\aboar\AppData\Local\Programs\MiKTeX\tex/generic/pgf/math\pgfmathutil.
code.tex)
(C:\Users\aboar\AppData\Local\Programs\MiKTeX\tex/generic/pgf/math\pgfmathparse
r.code.tex
\pgfmath@dimen=\dimen159
\pgfmath@count=\count272
\pgfmath@box=\box55
\pgfmath@toks=\toks27
\pgfmath@stack@operand=\toks28
\pgfmath@stack@operation=\toks29
)
(C:\Users\aboar\AppData\Local\Programs\MiKTeX\tex/generic/pgf/math\pgfmathfunct
ions.code.tex)
(C:\Users\aboar\AppData\Local\Programs\MiKTeX\tex/generic/pgf/math\pgfmathfunct
ions.basic.code.tex)
(C:\Users\aboar\AppData\Local\Programs\MiKTeX\tex/generic/pgf/math\pgfmathfunct
ions.trigonometric.code.tex)
(C:\Users\aboar\AppData\Local\Programs\MiKTeX\tex/generic/pgf/math\pgfmathfunct
ions.random.code.tex)
(C:\Users\aboar\AppData\Local\Programs\MiKTeX\tex/generic/pgf/math\pgfmathfunct
ions.comparison.code.tex)
(C:\Users\aboar\AppData\Local\Programs\MiKTeX\tex/generic/pgf/math\pgfmathfunct
ions.base.code.tex)
(C:\Users\aboar\AppData\Local\Programs\MiKTeX\tex/generic/pgf/math\pgfmathfunct
ions.round.code.tex)
(C:\Users\aboar\AppData\Local\Programs\MiKTeX\tex/generic/pgf/math\pgfmathfunct
ions.misc.code.tex)
(C:\Users\aboar\AppData\Local\Programs\MiKTeX\tex/generic/pgf/math\pgfmathfunct
ions.integerarithmetics.code.tex)
(C:\Users\aboar\AppData\Local\Programs\MiKTeX\tex/generic/pgf/math\pgfmathcalc.
code.tex)
(C:\Users\aboar\AppData\Local\Programs\MiKTeX\tex/generic/pgf/math\pgfmathfloat
.code.tex
\c@pgfmathroundto@lastzeros=\count273
))
(C:\Users\aboar\AppData\Local\Programs\MiKTeX\tex/generic/pgf/math\pgfint.code.
tex)
(C:\Users\aboar\AppData\Local\Programs\MiKTeX\tex/generic/pgf/basiclayer\pgfcor
epoints.code.tex
File: pgfcorepoints.code.tex 2023-01-15 v3.1.10 (3.1.10)
\pgf@picminx=\dimen160
\pgf@picmaxx=\dimen161
\pgf@picminy=\dimen162
\pgf@picmaxy=\dimen163
\pgf@pathminx=\dimen164
\pgf@pathmaxx=\dimen165
\pgf@pathminy=\dimen166
\pgf@pathmaxy=\dimen167
\pgf@xx=\dimen168
\pgf@xy=\dimen169
\pgf@yx=\dimen170
\pgf@yy=\dimen171
\pgf@zx=\dimen172
\pgf@zy=\dimen173
LaTeX Font Info:    Trying to load font information for OT1+qpl on input line 9
26.

(C:\Users\aboar\AppData\Local\Programs\MiKTeX\tex/latex/tex-gyre\ot1qpl.fd
File: ot1qpl.fd 2009/09/25 v1.2 font definition file for OT1/qpl
))
(C:\Users\aboar\AppData\Local\Programs\MiKTeX\tex/generic/pgf/basiclayer\pgfcor
epathconstruct.code.tex
File: pgfcorepathconstruct.code.tex 2023-01-15 v3.1.10 (3.1.10)
\pgf@path@lastx=\dimen174
\pgf@path@lasty=\dimen175
)
(C:\Users\aboar\AppData\Local\Programs\MiKTeX\tex/generic/pgf/basiclayer\pgfcor
epathusage.code.tex
File: pgfcorepathusage.code.tex 2023-01-15 v3.1.10 (3.1.10)
\pgf@shorten@end@additional=\dimen176
\pgf@shorten@start@additional=\dimen177
)
(C:\Users\aboar\AppData\Local\Programs\MiKTeX\tex/generic/pgf/basiclayer\pgfcor
escopes.code.tex
File: pgfcorescopes.code.tex 2023-01-15 v3.1.10 (3.1.10)
\pgfpic=\box56
\pgf@hbox=\box57
\pgf@layerbox@main=\box58
\pgf@picture@serial@count=\count274
)
(C:\Users\aboar\AppData\Local\Programs\MiKTeX\tex/generic/pgf/basiclayer\pgfcor
egraphicstate.code.tex
File: pgfcoregraphicstate.code.tex 2023-01-15 v3.1.10 (3.1.10)
\pgflinewidth=\dimen178
)
(C:\Users\aboar\AppData\Local\Programs\MiKTeX\tex/generic/pgf/basiclayer\pgfcor
etransformations.code.tex
File: pgfcoretransformations.code.tex 2023-01-15 v3.1.10 (3.1.10)
\pgf@pt@x=\dimen179
\pgf@pt@y=\dimen180
\pgf@pt@temp=\dimen181
)
(C:\Users\aboar\AppData\Local\Programs\MiKTeX\tex/generic/pgf/basiclayer\pgfcor
equick.code.tex
File: pgfcorequick.code.tex 2023-01-15 v3.1.10 (3.1.10)
)
(C:\Users\aboar\AppData\Local\Programs\MiKTeX\tex/generic/pgf/basiclayer\pgfcor
eobjects.code.tex
File: pgfcoreobjects.code.tex 2023-01-15 v3.1.10 (3.1.10)
)
(C:\Users\aboar\AppData\Local\Programs\MiKTeX\tex/generic/pgf/basiclayer\pgfcor
epathprocessing.code.tex
File: pgfcorepathprocessing.code.tex 2023-01-15 v3.1.10 (3.1.10)
)
(C:\Users\aboar\AppData\Local\Programs\MiKTeX\tex/generic/pgf/basiclayer\pgfcor
earrows.code.tex
File: pgfcorearrows.code.tex 2023-01-15 v3.1.10 (3.1.10)
\pgfarrowsep=\dimen182
)
(C:\Users\aboar\AppData\Local\Programs\MiKTeX\tex/generic/pgf/basiclayer\pgfcor
eshade.code.tex
File: pgfcoreshade.code.tex 2023-01-15 v3.1.10 (3.1.10)
\pgf@max=\dimen183
\pgf@sys@shading@range@num=\count275
\pgf@shadingcount=\count276
)
(C:\Users\aboar\AppData\Local\Programs\MiKTeX\tex/generic/pgf/basiclayer\pgfcor
eimage.code.tex
File: pgfcoreimage.code.tex 2023-01-15 v3.1.10 (3.1.10)
)
(C:\Users\aboar\AppData\Local\Programs\MiKTeX\tex/generic/pgf/basiclayer\pgfcor
eexternal.code.tex
File: pgfcoreexternal.code.tex 2023-01-15 v3.1.10 (3.1.10)
\pgfexternal@startupbox=\box59
)
(C:\Users\aboar\AppData\Local\Programs\MiKTeX\tex/generic/pgf/basiclayer\pgfcor
elayers.code.tex
File: pgfcorelayers.code.tex 2023-01-15 v3.1.10 (3.1.10)
)
(C:\Users\aboar\AppData\Local\Programs\MiKTeX\tex/generic/pgf/basiclayer\pgfcor
etransparency.code.tex
File: pgfcoretransparency.code.tex 2023-01-15 v3.1.10 (3.1.10)
)
(C:\Users\aboar\AppData\Local\Programs\MiKTeX\tex/generic/pgf/basiclayer\pgfcor
epatterns.code.tex
File: pgfcorepatterns.code.tex 2023-01-15 v3.1.10 (3.1.10)
)
(C:\Users\aboar\AppData\Local\Programs\MiKTeX\tex/generic/pgf/basiclayer\pgfcor
erdf.code.tex
File: pgfcorerdf.code.tex 2023-01-15 v3.1.10 (3.1.10)
)))
(C:\Users\aboar\AppData\Local\Programs\MiKTeX\tex/generic/pgf/modules\pgfmodule
shapes.code.tex
File: pgfmoduleshapes.code.tex 2023-01-15 v3.1.10 (3.1.10)
\pgfnodeparttextbox=\box60
)
(C:\Users\aboar\AppData\Local\Programs\MiKTeX\tex/generic/pgf/modules\pgfmodule
plot.code.tex
File: pgfmoduleplot.code.tex 2023-01-15 v3.1.10 (3.1.10)
)
(C:\Users\aboar\AppData\Local\Programs\MiKTeX\tex/latex/pgf/compatibility\pgfco
mp-version-0-65.sty
Package: pgfcomp-version-0-65 2023-01-15 v3.1.10 (3.1.10)
\pgf@nodesepstart=\dimen184
\pgf@nodesepend=\dimen185
)
(C:\Users\aboar\AppData\Local\Programs\MiKTeX\tex/latex/pgf/compatibility\pgfco
mp-version-1-18.sty
Package: pgfcomp-version-1-18 2023-01-15 v3.1.10 (3.1.10)
))
(C:\Users\aboar\AppData\Local\Programs\MiKTeX\tex/latex/pgf/utilities\pgffor.st
y
(C:\Users\aboar\AppData\Local\Programs\MiKTeX\tex/latex/pgf/utilities\pgfkeys.s
ty
(C:\Users\aboar\AppData\Local\Programs\MiKTeX\tex/generic/pgf/utilities\pgfkeys
.code.tex))
(C:\Users\aboar\AppData\Local\Programs\MiKTeX\tex/latex/pgf/math\pgfmath.sty
(C:\Users\aboar\AppData\Local\Programs\MiKTeX\tex/generic/pgf/math\pgfmath.code
.tex))
(C:\Users\aboar\AppData\Local\Programs\MiKTeX\tex/generic/pgf/utilities\pgffor.
code.tex
Package: pgffor 2023-01-15 v3.1.10 (3.1.10)
\pgffor@iter=\dimen186
\pgffor@skip=\dimen187
\pgffor@stack=\toks30
\pgffor@toks=\toks31
))
(C:\Users\aboar\AppData\Local\Programs\MiKTeX\tex/generic/pgf/frontendlayer/tik
z\tikz.code.tex
Package: tikz 2023-01-15 v3.1.10 (3.1.10)

(C:\Users\aboar\AppData\Local\Programs\MiKTeX\tex/generic/pgf/libraries\pgflibr
aryplothandlers.code.tex
File: pgflibraryplothandlers.code.tex 2023-01-15 v3.1.10 (3.1.10)
\pgf@plot@mark@count=\count277
\pgfplotmarksize=\dimen188
)
\tikz@lastx=\dimen189
\tikz@lasty=\dimen190
\tikz@lastxsaved=\dimen191
\tikz@lastysaved=\dimen192
\tikz@lastmovetox=\dimen193
\tikz@lastmovetoy=\dimen194
\tikzleveldistance=\dimen195
\tikzsiblingdistance=\dimen196
\tikz@figbox=\box61
\tikz@figbox@bg=\box62
\tikz@tempbox=\box63
\tikz@tempbox@bg=\box64
\tikztreelevel=\count278
\tikznumberofchildren=\count279
\tikznumberofcurrentchild=\count280
\tikz@fig@count=\count281

(C:\Users\aboar\AppData\Local\Programs\MiKTeX\tex/generic/pgf/modules\pgfmodule
matrix.code.tex
File: pgfmodulematrix.code.tex 2023-01-15 v3.1.10 (3.1.10)
\pgfmatrixcurrentrow=\count282
\pgfmatrixcurrentcolumn=\count283
\pgf@matrix@numberofcolumns=\count284
)
\tikz@expandcount=\count285

(C:\Users\aboar\AppData\Local\Programs\MiKTeX\tex/generic/pgf/frontendlayer/tik
z/libraries\tikzlibrarytopaths.code.tex
File: tikzlibrarytopaths.code.tex 2023-01-15 v3.1.10 (3.1.10)
)))))
(C:\Users\aboar\AppData\Local\Programs\MiKTeX\tex/latex/moderncv\moderncvheadii
i.sty
Package: moderncvheadiii 2022-02-21 v2.3.1 modern curriculum vitae and letter h
eader variant: 3
\makeheaddetailsbox=\box65
\makeheaddetailstempbox=\box66
\makeheaddetailswidth=\skip69
\makeheaddetailsboxwidth=\skip70
\quotewidth=\skip71
)
(C:\Users\aboar\AppData\Local\Programs\MiKTeX\tex/latex/moderncv\moderncvbodyii
i.sty
Package: moderncvbodyiii 2022-02-21 v2.3.1 modern curriculum vitae and letter b
ody variant: 3

(C:\Users\aboar\AppData\Local\Programs\MiKTeX\tex/latex/moderncv\moderncvskillm
atrix.sty
Package: moderncvskillmatrix 2022-02-21 v2.3.1 modern curriculum vitae and lett
er skill matrix

(C:\Users\aboar\AppData\Roaming\MiKTeX\tex/latex/multirow\multirow.sty
Package: multirow 2021/03/15 v2.8 Span multiple rows of a table
\multirow@colwidth=\skip72
\multirow@cntb=\count286
\multirow@dima=\skip73
\bigstrutjot=\dimen197
)
(C:\Users\aboar\AppData\Roaming\MiKTeX\tex/latex/arydshln\arydshln.sty
Package: arydshln 2019/02/21 v1.76 
\dashlinedash=\dimen198
\dashlinegap=\dimen199
\adl@box=\box67
\adl@height=\dimen256
\adl@heightsave=\dimen257
\adl@depth=\dimen258
\adl@depthsave=\dimen259
\adl@finaldepth=\dimen260
\adl@columns=\count287
\adl@ncol=\count288
\adl@currentcolumn=\count289
\adl@currentcolumnsave=\count290
\adl@totalheight=\count291
\adl@totalheightsave=\count292
\adl@dash=\count293
\adl@gap=\count294
\adl@cla=\count295
\adl@clb=\count296
\adl@everyvbox=\toks32
\adl@LTpagetotal=\dimen261
)
\cvSkill@RectangleSize=\skip74
\my@repeat@count=\count297
\cvskill@width=\skip75
\cvskill@descriptorwidth=\skip76
\cvskill@experiencewidth=\skip77
\skillmatrix@columnwidth=\skip78
\skillmatrix@commentwidth=\skip79
\skillmatrix@padding=\skip80
\skillmatrix@hintscolumnwidth=\skip81
\skillmatrix@bodylength=\skip82
\cvskilllegend@leftdescriptorwidth=\skip83
\cvskilllegend@rightdescriptorwidth=\skip84
\skilllegend@hintscolumnwidth=\skip85
\skilllegend@padding=\skip86
\skilllegend@bodylength=\skip87
\separatorrulewidth=\skip88
)
\hintscolumnwidth=\skip89
\separatorcolumnwidth=\skip90
\maincolumnwidth=\skip91
\doubleitemcolumnwidth=\skip92
\listitemsymbolwidth=\skip93
LaTeX Font Info:    Trying to load font information for U+fontawesomefree0 on i
nput line 87.

(C:\Users\aboar\AppData\Local\Programs\MiKTeX\tex/latex/fontawesome5\ufontaweso
mefree0.fd)
\listitemcolumnwidth=\skip94
\listdoubleitemcolumnwidth=\skip95
\cvitemwithcommentmainbox=\box68
\cvitemwithcommentmainlength=\skip96
\cvitemwithcommentcommentlength=\skip97
))
(C:\Users\aboar\AppData\Local\Programs\MiKTeX\tex/latex/moderncv\moderncvcolorb
lue.sty
Package: moderncvcolorblue 2022-02-21 v2.3.1 modern curriculum vitae and letter
 color scheme: blue
) (C:\Users\aboar\AppData\Roaming\MiKTeX\tex/latex/geometry\geometry.sty
Package: geometry 2020/01/02 v5.9 Page Geometry
(C:\Users\aboar\AppData\Local\Programs\MiKTeX\tex/generic/iftex\ifvtex.sty
Package: ifvtex 2019/10/25 v1.7 ifvtex legacy package. Use iftex instead.
)
\Gm@cnth=\count298
\Gm@cntv=\count299
\c@Gm@tempcnt=\count300
\Gm@bindingoffset=\dimen262
\Gm@wd@mp=\dimen263
\Gm@odd@mp=\dimen264
\Gm@even@mp=\dimen265
\Gm@layoutwidth=\dimen266
\Gm@layoutheight=\dimen267
\Gm@layouthoffset=\dimen268
\Gm@layoutvoffset=\dimen269
\Gm@dimlist=\toks33

(C:\Users\aboar\AppData\Roaming\MiKTeX\tex/latex/geometry\geometry.cfg))
(C:\Users\aboar\AppData\Local\Programs\MiKTeX\tex/latex/base\inputenc.sty
Package: inputenc 2021/02/14 v1.3d Input encoding file
\inpenc@prehook=\toks34
\inpenc@posthook=\toks35
)
(C:\Users\aboar\AppData\Local\Programs\MiKTeX\tex/latex/base\fontenc.sty
Package: fontenc 2021/04/29 v2.0v Standard LaTeX package
LaTeX Font Info:    Trying to load font information for T1+qpl on input line 11
2.

(C:\Users\aboar\AppData\Local\Programs\MiKTeX\tex/latex/tex-gyre\t1qpl.fd
File: t1qpl.fd 2009/09/25 v1.2 font definition file for T1/qpl
))
(C:\Users\aboar\AppData\Local\Programs\MiKTeX\tex/latex/lm\lmodern.sty
Package: lmodern 2015/05/01 v1.6.1 Latin Modern Fonts
LaTeX Font Info:    Overwriting symbol font `operators' in version `normal'
(Font)                  OT1/cmr/m/n --> OT1/lmr/m/n on input line 22.
LaTeX Font Info:    Overwriting symbol font `letters' in version `normal'
(Font)                  OML/cmm/m/it --> OML/lmm/m/it on input line 23.
LaTeX Font Info:    Overwriting symbol font `symbols' in version `normal'
(Font)                  OMS/cmsy/m/n --> OMS/lmsy/m/n on input line 24.
LaTeX Font Info:    Overwriting symbol font `largesymbols' in version `normal'
(Font)                  OMX/cmex/m/n --> OMX/lmex/m/n on input line 25.
LaTeX Font Info:    Overwriting symbol font `operators' in version `bold'
(Font)                  OT1/cmr/bx/n --> OT1/lmr/bx/n on input line 26.
LaTeX Font Info:    Overwriting symbol font `letters' in version `bold'
(Font)                  OML/cmm/b/it --> OML/lmm/b/it on input line 27.
LaTeX Font Info:    Overwriting symbol font `symbols' in version `bold'
(Font)                  OMS/cmsy/b/n --> OMS/lmsy/b/n on input line 28.
LaTeX Font Info:    Overwriting symbol font `largesymbols' in version `bold'
(Font)                  OMX/cmex/m/n --> OMX/lmex/m/n on input line 29.
LaTeX Font Info:    Overwriting math alphabet `\mathbf' in version `normal'
(Font)                  OT1/cmr/bx/n --> OT1/lmr/bx/n on input line 31.
LaTeX Font Info:    Overwriting math alphabet `\mathsf' in version `normal'
(Font)                  OT1/cmss/m/n --> OT1/lmss/m/n on input line 32.
LaTeX Font Info:    Overwriting math alphabet `\mathit' in version `normal'
(Font)                  OT1/cmr/m/it --> OT1/lmr/m/it on input line 33.
LaTeX Font Info:    Overwriting math alphabet `\mathtt' in version `normal'
(Font)                  OT1/cmtt/m/n --> OT1/lmtt/m/n on input line 34.
LaTeX Font Info:    Overwriting math alphabet `\mathbf' in version `bold'
(Font)                  OT1/cmr/bx/n --> OT1/lmr/bx/n on input line 35.
LaTeX Font Info:    Overwriting math alphabet `\mathsf' in version `bold'
(Font)                  OT1/cmss/bx/n --> OT1/lmss/bx/n on input line 36.
LaTeX Font Info:    Overwriting math alphabet `\mathit' in version `bold'
(Font)                  OT1/cmr/bx/it --> OT1/lmr/bx/it on input line 37.
LaTeX Font Info:    Overwriting math alphabet `\mathtt' in version `bold'
(Font)                  OT1/cmtt/m/n --> OT1/lmtt/m/n on input line 38.
)
(C:\Users\aboar\AppData\Local\Programs\MiKTeX\tex/generic/babel\babel.sty
Package: babel 2022/12/26 3.84 The Babel package
\babel@savecnt=\count301
\U@D=\dimen270
\l@unhyphenated=\language79

(C:\Users\aboar\AppData\Local\Programs\MiKTeX\tex/generic/babel\txtbabel.def)
\bbl@readstream=\read3
\bbl@dirlevel=\count302

*************************************
* Local config file bblopts.cfg used
*
(C:\Users\aboar\AppData\Local\Programs\MiKTeX\tex/latex/arabi\bblopts.cfg
File: bblopts.cfg 2005/09/08 v0.1 add Arabic and Farsi to "declared" options of
 babel
)
(C:\Users\aboar\AppData\Local\Programs\MiKTeX\tex/latex/babel-english\english.l
df
Language: english 2017/06/06 v3.3r English support from the babel system
Package babel Info: Hyphen rules for 'canadian' set to \l@english
(babel)             (\language0). Reported on input line 102.
Package babel Info: Hyphen rules for 'australian' set to \l@ukenglish
(babel)             (\language73). Reported on input line 105.
Package babel Info: Hyphen rules for 'newzealand' set to \l@ukenglish
(babel)             (\language73). Reported on input line 108.
))
(C:\Users\aboar\AppData\Local\Programs\MiKTeX\tex/generic/babel/locale/en\babel
-english.tex
Package babel Info: Importing font and identification data for english
(babel)             from babel-en.ini. Reported on input line 11.
)
(C:\Users\aboar\AppData\Local\Programs\MiKTeX\tex/latex/biblatex\biblatex.sty
Package: biblatex 2022/07/12 v3.18b programmable bibliographies (PK/MW)

(C:\Users\aboar\AppData\Local\Programs\MiKTeX\tex/generic/pdftexcmds\pdftexcmds
.sty
Package: pdftexcmds 2020-06-27 v0.33 Utility functions of pdfTeX for LuaTeX (HO
)
 (C:\Users\aboar\AppData\Roaming\MiKTeX\tex/generic/infwarerr\infwarerr.sty
Package: infwarerr 2019/12/03 v1.5 Providing info/warning/error messages (HO)
)
Package pdftexcmds Info: \pdf@primitive is available.
Package pdftexcmds Info: \pdf@ifprimitive is available.
Package pdftexcmds Info: \pdfdraftmode found.
) (C:\Users\aboar\AppData\Roaming\MiKTeX\tex/latex/logreq\logreq.sty
Package: logreq 2010/08/04 v1.0 xml request logger
\lrq@indent=\count303

(C:\Users\aboar\AppData\Roaming\MiKTeX\tex/latex/logreq\logreq.def
File: logreq.def 2010/08/04 v1.0 logreq spec v1.0
))
\c@tabx@nest=\count304
\c@listtotal=\count305
\c@listcount=\count306
\c@liststart=\count307
\c@liststop=\count308
\c@citecount=\count309
\c@citetotal=\count310
\c@multicitecount=\count311
\c@multicitetotal=\count312
\c@instcount=\count313
\c@maxnames=\count314
\c@minnames=\count315
\c@maxitems=\count316
\c@minitems=\count317
\c@citecounter=\count318
\c@maxcitecounter=\count319
\c@savedcitecounter=\count320
\c@uniquelist=\count321
\c@uniquename=\count322
\c@refsection=\count323
\c@refsegment=\count324
\c@maxextratitle=\count325
\c@maxextratitleyear=\count326
\c@maxextraname=\count327
\c@maxextradate=\count328
\c@maxextraalpha=\count329
\c@abbrvpenalty=\count330
\c@highnamepenalty=\count331
\c@lownamepenalty=\count332
\c@maxparens=\count333
\c@parenlevel=\count334
\blx@tempcnta=\count335
\blx@tempcntb=\count336
\blx@tempcntc=\count337
\c@blx@maxsection=\count338
\blx@maxsegment@0=\count339
\blx@notetype=\count340
\blx@parenlevel@text=\count341
\blx@parenlevel@foot=\count342
\blx@sectionciteorder@0=\count343
\blx@sectionciteorderinternal@0=\count344
\blx@entrysetcounter=\count345
\blx@biblioinstance=\count346
\labelnumberwidth=\skip98
\labelalphawidth=\skip99
\biblabelsep=\skip100
\bibitemsep=\skip101
\bibnamesep=\skip102
\bibinitsep=\skip103
\bibparsep=\skip104
\bibhang=\skip105
\blx@bcfin=\read4
\blx@bcfout=\write4
\blx@langwohyphens=\language80
\c@mincomprange=\count347
\c@maxcomprange=\count348
\c@mincompwidth=\count349
Package biblatex Info: Trying to load biblatex default data model...
Package biblatex Info: ... file 'blx-dm.def' found.

(C:\Users\aboar\AppData\Local\Programs\MiKTeX\tex/latex/biblatex\blx-dm.def
File: blx-dm.def 2022/07/12 v3.18b biblatex localization (PK/MW)
)
Package biblatex Info: Trying to load biblatex style data model...
Package biblatex Info: ... file 'authoryear.dbx' not found.
Package biblatex Info: Trying to load biblatex custom data model...
Package biblatex Info: ... file 'biblatex-dm.cfg' not found.
\c@afterword=\count350
\c@savedafterword=\count351
\c@annotator=\count352
\c@savedannotator=\count353
\c@author=\count354
\c@savedauthor=\count355
\c@bookauthor=\count356
\c@savedbookauthor=\count357
\c@commentator=\count358
\c@savedcommentator=\count359
\c@editor=\count360
\c@savededitor=\count361
\c@editora=\count362
\c@savededitora=\count363
\c@editorb=\count364
\c@savededitorb=\count365
\c@editorc=\count366
\c@savededitorc=\count367
\c@foreword=\count368
\c@savedforeword=\count369
\c@holder=\count370
\c@savedholder=\count371
\c@introduction=\count372
\c@savedintroduction=\count373
\c@namea=\count374
\c@savednamea=\count375
\c@nameb=\count376
\c@savednameb=\count377
\c@namec=\count378
\c@savednamec=\count379
\c@translator=\count380
\c@savedtranslator=\count381
\c@shortauthor=\count382
\c@savedshortauthor=\count383
\c@shorteditor=\count384
\c@savedshorteditor=\count385
\c@labelname=\count386
\c@savedlabelname=\count387
\c@institution=\count388
\c@savedinstitution=\count389
\c@lista=\count390
\c@savedlista=\count391
\c@listb=\count392
\c@savedlistb=\count393
\c@listc=\count394
\c@savedlistc=\count395
\c@listd=\count396
\c@savedlistd=\count397
\c@liste=\count398
\c@savedliste=\count399
\c@listf=\count400
\c@savedlistf=\count401
\c@location=\count402
\c@savedlocation=\count403
\c@organization=\count404
\c@savedorganization=\count405
\c@origlocation=\count406
\c@savedoriglocation=\count407
\c@origpublisher=\count408
\c@savedorigpublisher=\count409
\c@publisher=\count410
\c@savedpublisher=\count411
\c@language=\count412
\c@savedlanguage=\count413
\c@origlanguage=\count414
\c@savedoriglanguage=\count415
\c@pageref=\count416
\c@savedpageref=\count417
\shorthandwidth=\skip106
\shortjournalwidth=\skip107
\shortserieswidth=\skip108
\shorttitlewidth=\skip109
\shortauthorwidth=\skip110
\shorteditorwidth=\skip111
\locallabelnumberwidth=\skip112
\locallabelalphawidth=\skip113
\localshorthandwidth=\skip114
\localshortjournalwidth=\skip115
\localshortserieswidth=\skip116
\localshorttitlewidth=\skip117
\localshortauthorwidth=\skip118
\localshorteditorwidth=\skip119
Package biblatex Info: Trying to load compatibility code...
Package biblatex Info: ... file 'blx-compat.def' found.

(C:\Users\aboar\AppData\Local\Programs\MiKTeX\tex/latex/biblatex\blx-compat.def
File: blx-compat.def 2022/07/12 v3.18b biblatex compatibility (PK/MW)
)
Package biblatex Info: Trying to load generic definitions...
Package biblatex Info: ... file 'biblatex.def' found.
 (C:\Users\aboar\AppData\Local\Programs\MiKTeX\tex/latex/biblatex\biblatex.def
File: biblatex.def 2022/07/12 v3.18b biblatex compatibility (PK/MW)
\c@textcitecount=\count418
\c@textcitetotal=\count419
\c@textcitemaxnames=\count420
\c@biburlbigbreakpenalty=\count421
\c@biburlbreakpenalty=\count422
\c@biburlnumpenalty=\count423
\c@biburlucpenalty=\count424
\c@biburllcpenalty=\count425
\biburlbigskip=\muskip17
\biburlnumskip=\muskip18
\biburlucskip=\muskip19
\biburllcskip=\muskip20
\c@smartand=\count426
)
Package biblatex Info: Trying to load natbib compatibility...
Package biblatex Info: ... file 'blx-natbib.def' found.

(C:\Users\aboar\AppData\Local\Programs\MiKTeX\tex/latex/biblatex\blx-natbib.def
File: blx-natbib.def 2022/07/12 v3.18b biblatex compatibility (PK/MW)
Package biblatex Info: Delimiter 'nameyeardelim' in context '' already defined,
 overwriting.
)
Package biblatex Info: Trying to load bibliography style 'authoryear'...
Package biblatex Info: ... file 'authoryear.bbx' found.

(C:\Users\aboar\AppData\Local\Programs\MiKTeX\tex/latex/biblatex/bbx\authoryear
.bbx
File: authoryear.bbx 2022/07/12 v3.18b biblatex bibliography style (PK/MW)
Package biblatex Info: Trying to load bibliography style 'standard'...
Package biblatex Info: ... file 'standard.bbx' found.

(C:\Users\aboar\AppData\Local\Programs\MiKTeX\tex/latex/biblatex/bbx\standard.b
bx
File: standard.bbx 2022/07/12 v3.18b biblatex bibliography style (PK/MW)
\c@bbx:relatedcount=\count427
\c@bbx:relatedtotal=\count428
))
Package biblatex Info: Trying to load citation style 'authoryear'...
Package biblatex Info: ... file 'authoryear.cbx' found.

(C:\Users\aboar\AppData\Local\Programs\MiKTeX\tex/latex/biblatex/cbx\authoryear
.cbx
File: authoryear.cbx 2022/07/12 v3.18b biblatex citation style (PK/MW)
Package biblatex Info: Redefining '\cite'.
Package biblatex Info: Redefining '\parencite'.
Package biblatex Info: Redefining '\footcite'.
Package biblatex Info: Redefining '\footcitetext'.
Package biblatex Info: Redefining '\smartcite'.
Package biblatex Info: Redefining '\textcite'.
Package biblatex Info: Redefining '\textcites'.
)
Package biblatex Info: Trying to load configuration file...
Package biblatex Info: ... file 'biblatex.cfg' found.

(C:\Users\aboar\AppData\Local\Programs\MiKTeX\tex/latex/biblatex\biblatex.cfg
File: biblatex.cfg 
)
Package biblatex Info: Input encoding 'utf8' detected.
Package biblatex Info: Document encoding is UTF8 ....
Package biblatex Info: ... and expl3
(biblatex)             2023-01-16 L3 programming layer (loader) 
(biblatex)             is new enough (at least 2020/04/06),
(biblatex)             setting 'casechanger=expl3'.

(C:\Users\aboar\AppData\Local\Programs\MiKTeX\tex/latex/biblatex\blx-case-expl3
.sty
Package: blx-case-expl3 2022/07/12 v3.18b expl3 case changing code for biblatex

))
(C:\Users\aboar\AppData\Local\Programs\MiKTeX\tex/latex/hyperref\hyperref.sty
Package: hyperref 2022-11-13 v7.00u Hypertext links for LaTeX

(C:\Users\aboar\AppData\Roaming\MiKTeX\tex/generic/kvdefinekeys\kvdefinekeys.st
y
Package: kvdefinekeys 2019-12-19 v1.6 Define keys (HO)
) (C:\Users\aboar\AppData\Roaming\MiKTeX\tex/generic/pdfescape\pdfescape.sty
Package: pdfescape 2019/12/09 v1.15 Implements pdfTeX's escape features (HO)
)
(C:\Users\aboar\AppData\Roaming\MiKTeX\tex/latex/hycolor\hycolor.sty
Package: hycolor 2020-01-27 v1.10 Color options for hyperref/bookmark (HO)
)
(C:\Users\aboar\AppData\Roaming\MiKTeX\tex/latex/letltxmacro\letltxmacro.sty
Package: letltxmacro 2019/12/03 v1.6 Let assignment for LaTeX macros (HO)
)
(C:\Users\aboar\AppData\Roaming\MiKTeX\tex/latex/auxhook\auxhook.sty
Package: auxhook 2019-12-17 v1.6 Hooks for auxiliary files (HO)
)
(C:\Users\aboar\AppData\Local\Programs\MiKTeX\tex/latex/hyperref\nameref.sty
Package: nameref 2022-05-17 v2.50 Cross-referencing by name of section

(C:\Users\aboar\AppData\Roaming\MiKTeX\tex/latex/refcount\refcount.sty
Package: refcount 2019/12/15 v3.6 Data extraction from label references (HO)
)
(C:\Users\aboar\AppData\Roaming\MiKTeX\tex/generic/gettitlestring\gettitlestrin
g.sty
Package: gettitlestring 2019/12/15 v1.6 Cleanup title references (HO)
)
\c@section@level=\count429
)
\@linkdim=\dimen271
\Hy@linkcounter=\count430
\Hy@pagecounter=\count431

(C:\Users\aboar\AppData\Local\Programs\MiKTeX\tex/latex/hyperref\pd1enc.def
File: pd1enc.def 2022-11-13 v7.00u Hyperref: PDFDocEncoding definition (HO)
Now handling font encoding PD1 ...
... no UTF-8 mapping file for font encoding PD1
)
(C:\Users\aboar\AppData\Roaming\MiKTeX\tex/generic/intcalc\intcalc.sty
Package: intcalc 2019/12/15 v1.3 Expandable calculations with integers (HO)
)
(C:\Users\aboar\AppData\Roaming\MiKTeX\tex/generic/etexcmds\etexcmds.sty
Package: etexcmds 2019/12/15 v1.7 Avoid name clashes with e-TeX commands (HO)
)
\Hy@SavedSpaceFactor=\count432

(C:\Users\aboar\AppData\Local\Programs\MiKTeX\tex/latex/hyperref\puenc.def
File: puenc.def 2022-11-13 v7.00u Hyperref: PDF Unicode definition (HO)
Now handling font encoding PU ...
... no UTF-8 mapping file for font encoding PU
)
Package hyperref Info: Option `unicode' set `true' on input line 4045.
Package hyperref Info: Hyper figures OFF on input line 4162.
Package hyperref Info: Link nesting OFF on input line 4167.
Package hyperref Info: Hyper index ON on input line 4170.
Package hyperref Info: Plain pages OFF on input line 4177.
Package hyperref Info: Backreferencing OFF on input line 4182.
Package hyperref Info: Implicit mode ON; LaTeX internals redefined.
Package hyperref Info: Bookmarks ON on input line 4410.
\c@Hy@tempcnt=\count433
LaTeX Info: Redefining \url on input line 4748.
\XeTeXLinkMargin=\dimen272

(C:\Users\aboar\AppData\Roaming\MiKTeX\tex/generic/bitset\bitset.sty
Package: bitset 2019/12/09 v1.3 Handle bit-vector datatype (HO)

(C:\Users\aboar\AppData\Roaming\MiKTeX\tex/generic/bigintcalc\bigintcalc.sty
Package: bigintcalc 2019/12/15 v1.5 Expandable calculations on big integers (HO
)
))
\Fld@menulength=\count434
\Field@Width=\dimen273
\Fld@charsize=\dimen274
Package hyperref Info: Hyper figures OFF on input line 6027.
Package hyperref Info: Link nesting OFF on input line 6032.
Package hyperref Info: Hyper index ON on input line 6035.
Package hyperref Info: backreferencing OFF on input line 6042.
Package hyperref Info: Link coloring OFF on input line 6047.
Package hyperref Info: Link coloring with OCG OFF on input line 6052.
Package hyperref Info: PDF/A mode OFF on input line 6057.

(C:\Users\aboar\AppData\Local\Programs\MiKTeX\tex/latex/base\atbegshi-ltx.sty
Package: atbegshi-ltx 2021/01/10 v1.0c Emulation of the original atbegshi
package with kernel methods
)
\Hy@abspage=\count435
\c@Item=\count436
\c@Hfootnote=\count437
)
Package hyperref Info: Driver (autodetected): hpdftex.
(C:\Users\aboar\AppData\Local\Programs\MiKTeX\tex/latex/hyperref\hpdftex.def
File: hpdftex.def 2022-11-13 v7.00u Hyperref driver for pdfTeX

(C:\Users\aboar\AppData\Local\Programs\MiKTeX\tex/latex/base\atveryend-ltx.sty
Package: atveryend-ltx 2020/08/19 v1.0a Emulation of the original atveryend pac
kage
with kernel methods
)
\Fld@listcount=\count438
\c@bookmark@seq@number=\count439

(C:\Users\aboar\AppData\Roaming\MiKTeX\tex/latex/rerunfilecheck\rerunfilecheck.
sty
Package: rerunfilecheck 2019/12/05 v1.9 Rerun checks for auxiliary files (HO)

(C:\Users\aboar\AppData\Roaming\MiKTeX\tex/generic/uniquecounter\uniquecounter.
sty
Package: uniquecounter 2019/12/15 v1.4 Provide unlimited unique counter (HO)
)
Package uniquecounter Info: New unique counter `rerunfilecheck' on input line 2
86.
)
\Hy@SectionHShift=\skip120
)
Package hyperref Info: Option `breaklinks' set `true' on input line 98.
Package hyperref Info: Option `bookmarksopen' set `true' on input line 98.


Package biblatex Warning: 'babel/polyglossia' detected but 'csquotes' missing.
(biblatex)                Loading 'csquotes' recommended.

\@quotelevel=\count440
\@quotereset=\count441
LaTeX Font Info:    Trying to load font information for T1+lmr on input line 98
.
(C:\Users\aboar\AppData\Local\Programs\MiKTeX\tex/latex/lm\t1lmr.fd
File: t1lmr.fd 2015/05/01 v1.6.1 Font defs for Latin Modern
)
(CV IME-USP.aux)
\openout1 = `"CV IME-USP.aux"'.

LaTeX Font Info:    Checking defaults for OML/cmm/m/it on input line 98.
LaTeX Font Info:    ... okay on input line 98.
LaTeX Font Info:    Checking defaults for OMS/cmsy/m/n on input line 98.
LaTeX Font Info:    ... okay on input line 98.
LaTeX Font Info:    Checking defaults for OT1/cmr/m/n on input line 98.
LaTeX Font Info:    ... okay on input line 98.
LaTeX Font Info:    Checking defaults for T1/cmr/m/n on input line 98.
LaTeX Font Info:    ... okay on input line 98.
LaTeX Font Info:    Checking defaults for TS1/cmr/m/n on input line 98.
LaTeX Font Info:    ... okay on input line 98.
LaTeX Font Info:    Checking defaults for OMX/cmex/m/n on input line 98.
LaTeX Font Info:    ... okay on input line 98.
LaTeX Font Info:    Checking defaults for U/cmr/m/n on input line 98.
LaTeX Font Info:    ... okay on input line 98.
LaTeX Font Info:    Checking defaults for PD1/pdf/m/n on input line 98.
LaTeX Font Info:    ... okay on input line 98.
LaTeX Font Info:    Checking defaults for PU/pdf/m/n on input line 98.
LaTeX Font Info:    ... okay on input line 98.
LaTeX Font Info:    Trying to load font information for T1+lmss on input line 9
8.

(C:\Users\aboar\AppData\Local\Programs\MiKTeX\tex/latex/lm\t1lmss.fd
File: t1lmss.fd 2015/05/01 v1.6.1 Font defs for Latin Modern
)
(C:\Users\aboar\AppData\Local\Programs\MiKTeX\tex/context/base/mkii\supp-pdf.mk
ii
[Loading MPS to PDF converter (version 2006.09.02).]
\scratchcounter=\count442
\scratchdimen=\dimen275
\scratchbox=\box69
\nofMPsegments=\count443
\nofMParguments=\count444
\everyMPshowfont=\toks36
\MPscratchCnt=\count445
\MPscratchDim=\dimen276
\MPnumerator=\count446
\makeMPintoPDFobject=\count447
\everyMPtoPDFconversion=\toks37
)
(C:\Users\aboar\AppData\Local\Programs\MiKTeX\tex/latex/epstopdf-pkg\epstopdf-b
ase.sty
Package: epstopdf-base 2020-01-24 v2.11 Base part for package epstopdf
Package epstopdf-base Info: Redefining graphics rule for `.eps' on input line 4
85.

(C:\Users\aboar\AppData\Local\Programs\MiKTeX\tex/latex/00miktex\epstopdf-sys.c
fg
File: epstopdf-sys.cfg 2021/03/18 v2.0 Configuration of epstopdf for MiKTeX
))
LaTeX Info: Redefining \microtypecontext on input line 98.
Package microtype Info: Generating PDF output.
Package microtype Info: Character protrusion enabled (level 2).
Package microtype Info: Using default protrusion set `alltext'.
Package microtype Info: Automatic font expansion enabled (level 2),
(microtype)             stretch: 20, shrink: 20, step: 1, non-selected.
Package microtype Info: Using default expansion set `alltext-nott'.
LaTeX Info: Redefining \showhyphens on input line 98.
Package microtype Info: No adjustment of tracking.
Package microtype Info: No adjustment of interword spacing.
Package microtype Info: No adjustment of character kerning.
Package microtype Info: Loading generic protrusion settings for font family
(microtype)             `lmss' (encoding: T1).
(microtype)             For optimal results, create family-specific settings.
(microtype)             See the microtype manual for details.

*geometry* driver: auto-detecting
*geometry* detected driver: pdftex
*geometry* verbose mode - [ preamble ] result:
* driver: pdftex
* paper: a4paper
* layout: <same size as paper>
* layoutoffset:(h,v)=(0.0pt,0.0pt)
* modes: 
* h-part:(L,W,R)=(74.68848pt, 448.1309pt, 74.68849pt)
* v-part:(T,H,B)=(84.50467pt, 633.78513pt, 126.75705pt)
* \paperwidth=597.50787pt
* \paperheight=845.04684pt
* \textwidth=448.1309pt
* \textheight=633.78513pt
* \oddsidemargin=2.41849pt
* \evensidemargin=2.41849pt
* \topmargin=-24.76532pt
* \headheight=12.0pt
* \headsep=25.0pt
* \topskip=12.0pt
* \footskip=136.00005pt
* \marginparwidth=35.0pt
* \marginparsep=10.0pt
* \columnsep=10.0pt
* \skip\footins=10.8pt plus 4.0pt minus 2.0pt
* \hoffset=0.0pt
* \voffset=0.0pt
* \mag=1000
* \@twocolumnfalse
* \@twosidefalse
* \@mparswitchfalse
* \@reversemarginfalse
* (1in=72.27pt=25.4mm, 1cm=28.453pt)

Package biblatex Info: Trying to load language 'english'...
Package biblatex Info: ... file 'english.lbx' found.

(C:\Users\aboar\AppData\Local\Programs\MiKTeX\tex/latex/biblatex/lbx\english.lb
x
File: english.lbx 2022/07/12 v3.18b biblatex localization (PK/MW)
)
Package biblatex Info: Input encoding 'utf8' detected.
Package biblatex Info: Automatic encoding selection.
(biblatex)             Assuming data encoding 'utf8'.
\openout4 = `"CV IME-USP.bcf"'.

Package biblatex Info: Trying to load bibliographic data...
Package biblatex Info: ... file '"CV IME-USP".bbl' found.
 (CV IME-USP.bbl)
Package biblatex Info: Reference section=0 on input line 98.
Package biblatex Info: Reference segment=0 on input line 98.
Package hyperref Info: Link coloring OFF on input line 98.
 (CV IME-USP.out) (CV IME-USP.out)
\@outlinefile=\write5
\openout5 = `"CV IME-USP.out"'.

LaTeX Font Info:    Font shape `T1/lmss/b/n' in size <24.88> not available
(Font)              Font shape `T1/lmss/bx/n' tried instead on input line 101.

(C:\Users\aboar\AppData\Roaming\MiKTeX\tex/latex/microtype\mt-cmr.cfg
File: mt-cmr.cfg 2013/05/19 v2.2 microtype config. file: Computer Modern Roman 
(RS)
)
LaTeX Font Info:    Trying to load font information for TS1+lmr on input line 1
01.

(C:\Users\aboar\AppData\Local\Programs\MiKTeX\tex/latex/lm\ts1lmr.fd
File: ts1lmr.fd 2015/05/01 v1.6.1 Font defs for Latin Modern
)
LaTeX Font Info:    Trying to load font information for U+fontawesomefree2 on i
nput line 101.

(C:\Users\aboar\AppData\Local\Programs\MiKTeX\tex/latex/fontawesome5\ufontaweso
mefree2.fd)
LaTeX Font Info:    Trying to load font information for U+fontawesomefree1 on i
nput line 101.

(C:\Users\aboar\AppData\Local\Programs\MiKTeX\tex/latex/fontawesome5\ufontaweso
mefree1.fd)
LaTeX Font Info:    Trying to load font information for U+fontawesomebrands1 on
 input line 101.

(C:\Users\aboar\AppData\Local\Programs\MiKTeX\tex/latex/fontawesome5\ufontaweso
mebrands1.fd)
LaTeX Font Info:    Font shape `U/fontawesomebrands1/solid/n' in size <10.95> n
ot available
(Font)              Font shape `U/fontawesomebrands1/regular/n' tried instead o
n input line 101.
LaTeX Font Info:    Trying to load font information for OT1+lmr on input line 1
01.

(C:\Users\aboar\AppData\Local\Programs\MiKTeX\tex/latex/lm\ot1lmr.fd
File: ot1lmr.fd 2015/05/01 v1.6.1 Font defs for Latin Modern
)
LaTeX Font Info:    Trying to load font information for OML+lmm on input line 1
01.

(C:\Users\aboar\AppData\Local\Programs\MiKTeX\tex/latex/lm\omllmm.fd
File: omllmm.fd 2015/05/01 v1.6.1 Font defs for Latin Modern
)
LaTeX Font Info:    Trying to load font information for OMS+lmsy on input line 
101.

(C:\Users\aboar\AppData\Local\Programs\MiKTeX\tex/latex/lm\omslmsy.fd
File: omslmsy.fd 2015/05/01 v1.6.1 Font defs for Latin Modern
)
LaTeX Font Info:    Trying to load font information for OMX+lmex on input line 
101.

(C:\Users\aboar\AppData\Local\Programs\MiKTeX\tex/latex/lm\omxlmex.fd
File: omxlmex.fd 2015/05/01 v1.6.1 Font defs for Latin Modern
)
LaTeX Font Info:    External font `lmex10' loaded for size
(Font)              <12> on input line 101.
LaTeX Font Info:    External font `lmex10' loaded for size
(Font)              <8> on input line 101.
LaTeX Font Info:    External font `lmex10' loaded for size
(Font)              <6> on input line 101.
LaTeX Font Info:    Font shape `T1/lmss/b/n' in size <17.28> not available
(Font)              Font shape `T1/lmss/bx/n' tried instead on input line 103.
LaTeX Font Info:    Font shape `T1/lmss/b/n' in size <12> not available
(Font)              Font shape `T1/lmss/bx/n' tried instead on input line 104.
LaTeX Font Info:    Font shape `T1/lmss/m/it' in size <12> not available
(Font)              Font shape `T1/lmss/m/sl' tried instead on input line 104.


LaTeX Font Warning: Font shape `T1/lmss/sb/n' undefined
(Font)              using `T1/lmss/b/n' instead on input line 117.

LaTeX Font Info:    Font shape `T1/lmss/b/n' in size <14.4> not available
(Font)              Font shape `T1/lmss/bx/n' tried instead on input line 117.

Underfull \hbox (badness 10000) detected at line 117
\T1/lmss/m/n/8 .
 []


Overfull \hbox (10.54305pt too wide) in alignment at lines 119--119
[] [] 
 []

[1

{C:/Users/aboar/AppData/Local/MiKTeX/fonts/map/pdftex/pdftex.map}]

LaTeX Font Warning: Font shape `T1/lmss/sb/n' undefined
(Font)              using `T1/lmss/b/n' instead on input line 129.


Underfull \hbox (badness 10000) detected at line 129
\T1/lmss/m/n/8 .
 []


LaTeX Font Warning: Font shape `T1/lmss/sb/n' undefined
(Font)              using `T1/lmss/b/n' instead on input line 132.


Underfull \hbox (badness 10000) detected at line 132
\T1/lmss/m/n/8 .
 []

[2]

LaTeX Font Warning: Font shape `T1/lmss/sb/n' undefined
(Font)              using `T1/lmss/b/n' instead on input line 136.


Underfull \hbox (badness 10000) detected at line 136
\T1/lmss/m/n/8 .
 []

LaTeX Font Info:    Font shape `T1/lmss/m/it' in size <10.95> not available
(Font)              Font shape `T1/lmss/m/sl' tried instead on input line 142.

LaTeX Font Warning: Font shape `T1/lmss/sb/n' undefined
(Font)              using `T1/lmss/b/n' instead on input line 234.


Underfull \hbox (badness 10000) detected at line 234
\T1/lmss/m/n/8 .
 []


Underfull \hbox (badness 10000) in paragraph at lines 235--238

 []


LaTeX Font Warning: Font shape `T1/lmss/sb/n' undefined
(Font)              using `T1/lmss/b/n' instead on input line 239.


Underfull \hbox (badness 10000) detected at line 239
\T1/lmss/m/n/8 .
 []


LaTeX Font Warning: Font shape `T1/lmss/sb/n' undefined
(Font)              using `T1/lmss/b/n' instead on input line 244.


Underfull \hbox (badness 10000) detected at line 244
\T1/lmss/m/n/8 .
 []

LaTeX Font Info:    Trying to load font information for TS1+lmss on input line 
246.
(C:\Users\aboar\AppData\Local\Programs\MiKTeX\tex/latex/lm\ts1lmss.fd
File: ts1lmss.fd 2015/05/01 v1.6.1 Font defs for Latin Modern
)
Package microtype Info: Loading generic protrusion settings for font family
(microtype)             `lmss' (encoding: TS1).
(microtype)             For optimal results, create family-specific settings.
(microtype)             See the microtype manual for details.
 [3]

LaTeX Font Warning: Font shape `T1/lmss/sb/n' undefined
(Font)              using `T1/lmss/b/n' instead on input line 248.


Underfull \hbox (badness 10000) detected at line 248
\T1/lmss/m/n/8 .
 []


Underfull \hbox (badness 10000) in paragraph at lines 250--255

 []


Underfull \hbox (badness 10000) in paragraph at lines 250--255

 []


LaTeX Font Warning: Font shape `T1/lmss/sb/n' undefined
(Font)              using `T1/lmss/b/n' instead on input line 256.


Underfull \hbox (badness 10000) detected at line 256
\T1/lmss/m/n/8 .
 []


Underfull \hbox (badness 10000) in paragraph at lines 259--284

 []


Underfull \hbox (badness 10000) in paragraph at lines 259--284

 []


Underfull \hbox (badness 10000) in paragraph at lines 259--284

 []


Underfull \hbox (badness 10000) in paragraph at lines 259--284

 []


Underfull \hbox (badness 10000) in paragraph at lines 259--284

 []


Underfull \hbox (badness 10000) in paragraph at lines 259--284

 []


Underfull \hbox (badness 10000) in paragraph at lines 259--284

 []


Underfull \hbox (badness 10000) in paragraph at lines 259--284

 []


Underfull \hbox (badness 10000) in paragraph at lines 259--284

 []


Underfull \hbox (badness 10000) in paragraph at lines 259--284

 []


Underfull \hbox (badness 10000) in paragraph at lines 259--284

 []


Underfull \hbox (badness 10000) in paragraph at lines 259--284

 []

[4] [5] [6] (CV IME-USP.aux)

LaTeX Warning: There were undefined references.

Package rerunfilecheck Info: File `"CV IME-USP".out' has not changed.
(rerunfilecheck)             Checksum: 95E64B2E5226F99C69F84911C1E71031;2890.

Package biblatex Warning: Please (re)run Biber on the file:
(biblatex)                "CV IME-USP"
(biblatex)                and rerun LaTeX afterwards.

Package logreq Info: Writing requests to '"CV IME-USP".run.xml'.
\openout1 = `"CV IME-USP.run.xml"'.

 ) 
Here is how much of TeX's memory you used:
 34077 strings out of 476404
 670719 string characters out of 2789524
 1866324 words of memory out of 3000000
 53741 multiletter control sequences out of 15000+600000
 580613 words of font info for 131 fonts, out of 8000000 for 9000
 1141 hyphenation exceptions out of 8191
 129i,12n,122p,938b,1759s stack positions out of 10000i,1000n,20000p,200000b,80000s
{C:/Users/aboar/AppData/Local/Programs/MiKTeX/fonts/enc/dvips/lm/lm-ts1.enc}{
C:/Users/aboar/AppData/Local/Programs/MiKTeX/fonts/enc/dvips/lm/lm-ec.enc}{C:/U
sers/aboar/AppData/Local/Programs/MiKTeX/fonts/enc/dvips/fontawesome5/fa5brands
1.enc}{C:/Users/aboar/AppData/Local/Programs/MiKTeX/fonts/enc/dvips/fontawesome
5/fa5free1.enc}{C:/Users/aboar/AppData/Local/Programs/MiKTeX/fonts/enc/dvips/fo
ntawesome5/fa5free2.enc}{C:/Users/aboar/AppData/Local/Programs/MiKTeX/fonts/enc
/dvips/fontawesome5/fa5free0.enc}<C:/Users/aboar/AppData/Local/Programs/MiKTeX/
fonts/type1/public/fontawesome5/FontAwesome5Brands-Regular.pfb><C:/Users/aboar/
AppData/Local/Programs/MiKTeX/fonts/type1/public/fontawesome5/FontAwesome5Free-
Regular.pfb><C:/Users/aboar/AppData/Local/Programs/MiKTeX/fonts/type1/public/fo
ntawesome5/FontAwesome5Free-Solid.pfb><C:/Users/aboar/AppData/Local/Programs/Mi
KTeX/fonts/type1/public/lm/lmr12.pfb><C:/Users/aboar/AppData/Local/Programs/MiK
TeX/fonts/type1/public/lm/lmss10.pfb><C:/Users/aboar/AppData/Local/Programs/MiK
TeX/fonts/type1/public/lm/lmss12.pfb><C:/Users/aboar/AppData/Local/Programs/MiK
TeX/fonts/type1/public/lm/lmss8.pfb><C:/Users/aboar/AppData/Local/Programs/MiKT
eX/fonts/type1/public/lm/lmssbx10.pfb><C:/Users/aboar/AppData/Local/Programs/Mi
KTeX/fonts/type1/public/lm/lmsso10.pfb><C:/Users/aboar/AppData/Local/Programs/M
iKTeX/fonts/type1/public/lm/lmsso12.pfb>
Output written on "CV IME-USP.pdf" (6 pages, 279238 bytes).
PDF statistics:
 178 PDF objects out of 1000 (max. 8388607)
 24 named destinations out of 1000 (max. 500000)
 39061 words of extra memory for PDF output out of 42996 (max. 10000000)

